<?xml version="1.0" encoding="UTF-8"?>
<!-- Generated by org.testng.reporters.JUnitReportReporter -->
<testsuite hostname="VIVEK" failures="0" tests="1" name="selefrmae.PageTest" time="5.338" errors="0" timestamp="2023-05-27T19:36:49 IST" skipped="0">
  <testcase classname="selefrmae.PageTest" name="order" time="5.338"/>
  <system-out/>
</testsuite> <!-- selefrmae.PageTest -->
