<?xml version="1.0" encoding="UTF-8"?>
<!-- Generated by org.testng.reporters.JUnitReportReporter -->
<testsuite hostname="VIVEK" failures="0" tests="1" name="cucumber.TestNGTestRunner" time="50.489" errors="0" timestamp="2023-05-15T11:28:44 IST" skipped="0">
  <testcase classname="cucumber.TestNGTestRunner" name="runScenario" time="50.489"/>
  <system-out/>
</testsuite> <!-- cucumber.TestNGTestRunner -->
